<?xml version="1.0" encoding="utf-8"?><testsuites name="pytest tests"><testsuite name="pytest" errors="0" failures="0" skipped="0" tests="16" time="1.749" timestamp="2026-03-14T11:25:05.891453+00:00" hostname="agent-env-439bba60-2215-47f8-9e67-7ce63d9ec312"><testcase classname="tests.test_trade_sovereign.TestHealthCheck" name="test_healthz_returns_ok" time="0.175" /><testcase classname="tests.test_trade_sovereign.TestCopyTrading" name="test_list_traders_returns_traders" time="0.111" /><testcase classname="tests.test_trade_sovereign.TestCopyTrading" name="test_traders_have_required_fields" time="0.104" /><testcase classname="tests.test_trade_sovereign.TestCopyTrading" name="test_list_signals_returns_200" time="0.097" /><testcase classname="tests.test_trade_sovereign.TestBrokerStatus" name="test_broker_status_requires_auth" time="0.102" /><testcase classname="tests.test_trade_sovereign.TestAutoExecution" name="test_auto_execution_settings_requires_auth" time="0.106" /><testcase classname="tests.test_trade_sovereign.TestAutoExecution" name="test_pending_signals_requires_auth" time="0.096" /><testcase classname="tests.test_trade_sovereign.TestProducts" name="test_list_products_returns_products" time="0.106" /><testcase classname="tests.test_trade_sovereign.TestProducts" name="test_products_have_required_fields" time="0.096" /><testcase classname="tests.test_trade_sovereign.TestSubscriptions" name="test_list_subscription_plans" time="0.100" /><testcase classname="tests.test_trade_sovereign.TestSubscriptions" name="test_subscription_plans_have_required_fields" time="0.106" /><testcase classname="tests.test_trade_sovereign.TestMedia" name="test_list_media_returns_200" time="0.103" /><testcase classname="tests.test_trade_sovereign.TestCategories" name="test_list_categories_returns_200" time="0.102" /><testcase classname="tests.test_trade_sovereign.TestPages" name="test_list_pages_returns_200" time="0.096" /><testcase classname="tests.test_trade_sovereign.TestAdminEndpoints" name="test_admin_stats_requires_auth" time="0.091" /><testcase classname="tests.test_trade_sovereign.TestAdminEndpoints" name="test_admin_products_requires_auth" time="0.097" /></testsuite></testsuites>